[debug] [2023-03-14T09:56:37.818Z] ----------------------------------------------------------------------
[debug] [2023-03-14T09:56:37.823Z] Command:       C:\Program Files\nodejs\node.exe C:\Users\ADMIN\AppData\Roaming\npm\node_modules\firebase-tools\lib\bin\firebase.js init
[debug] [2023-03-14T09:56:37.825Z] CLI Version:   11.24.1
[debug] [2023-03-14T09:56:37.825Z] Platform:      win32
[debug] [2023-03-14T09:56:37.825Z] Node Version:  v16.16.0
[debug] [2023-03-14T09:56:37.828Z] Time:          Tue Mar 14 2023 15:26:37 GMT+0530 (India Standard Time)
[debug] [2023-03-14T09:56:37.828Z] ----------------------------------------------------------------------
[debug] 
[debug] [2023-03-14T09:56:37.967Z] > command requires scopes: ["email","openid","https://www.googleapis.com/auth/cloudplatformprojects.readonly","https://www.googleapis.com/auth/firebase","https://www.googleapis.com/auth/cloud-platform"]
[debug] [2023-03-14T09:56:37.967Z] > authorizing via signed-in user (sataniprincy2010@gmail.com)
[info] 
     ######## #### ########  ######## ########     ###     ######  ########
     ##        ##  ##     ## ##       ##     ##  ##   ##  ##       ##
     ######    ##  ########  ######   ########  #########  ######  ######
     ##        ##  ##    ##  ##       ##     ## ##     ##       ## ##
     ##       #### ##     ## ######## ########  ##     ##  ######  ########

You're about to initialize a Firebase project in this directory:

  D:\Car_Renting_Server

Before we get started, keep in mind:

  * You are initializing within an existing Firebase project directory

